-----------------------------------------------------------------------------
Log file opened:
Unknown	Unknown
Console logfile started...
GLFW header version: 3.2.1
GLFW library version: 3.2.1
GLFW library version string: "3.2.1 X11 GLX EGL clock_gettime /dev/js Xf86vm shared"
OpenGL context version string: "4.5 (Core Profile) Mesa 17.3.6"
OpenGL context version parsed by GLFW: 4.5.0
OpenGL context flags (0x00000000):
OpenGL context flags parsed by GLFW:
 robustness
OpenGL profile mask (0x00000001): core
OpenGL profile mask parsed by GLFW: core
OpenGL robustness strategy (0x00008261): none
OpenGL robustness strategy parsed by GLFW: none
OpenGL context renderer string: "Mesa DRI Intel(R) HD Graphics 630 (Kaby Lake GT2) "
OpenGL context vendor string: "Intel Open Source Technology Center"
OpenGL context shading language version: "4.50"
Compiled against PhysFS version 3.0.1.
Linked against PhysFS version 3.0.1.
Packfile: Supported archive types.
Packfile: [ ZIP ] : [ PkZip/WinZip/Info-Zip compatible ]
Packfile: [ 7Z ] : [ 7zip archives ]
Packfile: [ GRP ] : [ Build engine Groupfile format ]
Packfile: [ PAK ] : [ Quake I/II format ]
Packfile: [ HOG ] : [ Descent I/II HOG file format ]
Packfile: [ MVL ] : [ Descent II Movielib format ]
Packfile: [ WAD ] : [ DOOM engine format ]
Packfile: [ SLB ] : [ I-War / Independence War Slab file ]
Packfile: [ ISO ] : [ ISO9660 image file ]
Packfile: [ VDF ] : [ Gothic I/II engine format ]
Script: Call type [ asCALL_CDECL ]
Script: Registered variable - [ bool quitProgram ]
Script: Registered variable - [ int winWidth ]
Script: Registered variable - [ int winHeight ]
Script: Registered variable - [ int currentMode ]
Script: Registered variable - [ float mouseSpeed ]
Script: Registered variable - [ float acceleration ]
Script: Registered variable - [ float maxSpeed ]
Script: Registered variable - [ float friction ]
Script: Registered variable - [ int antBarWidth ]
Script: Registered variable - [ int antBarHeight ]
Script: Registered variable - [ int antPosX ]
Script: Registered variable - [ int antPosY ]
Script: Registered variable - [ float fontSizeSmall ]
Script: Registered variable - [ float fontSizeMedium ]
Script: Registered variable - [ float fontSizeLarge ]
Script: Registered variable - [ int renderText ]
Script: Registered variable - [ float gravityX ]
Script: Registered variable - [ float gravityY ]
Script: Registered variable - [ float gravityZ ]
Script: Registered variable - [ bool drawWireframe ]
Script: Registered variable - [ bool cameraLockedToPhysics ]
Script: Registered variable - [ bool showGBuffers ]
Script: Registered variable - [ bool bspCollisionDetectOn ]
Script: Registered variable - [ bool g_lockMouse ]
Script: Registered variable - [ bool g_debugLightPos ]
Script: Registered variable - [ bool g_debugBoundingBox ]
Script: Registered variable - [ float globalAmbient ]
Script: Registered variable - [ float globalGammaFactor ]
Script: Registered variable - [ float materialShininess ]
Script: Registered variable - [ float bullet_1_speed ]
Registered function [ void printCon_AS(string &in, string &in) ]
Registered function [ void sys_addScriptCommand(string &in, string &in, string &in, bool setParam) ]
Registered function [ void conPushCommand_AS(string &in) ]
Registered function [ bool startPackFile(string &in, string &in) ]
Registered function [ bool startLogFile(string &in) ]
Registered function [ void lib_resizeWindow(int newWidth, int newHeight) ]
Registered function [ bool ttf_setFontName(string &in) ]
Registered function [ bool ttf_initLibrary(int fontSize, int whichFont) ]
Registered function [ bool ass_loadModel(int whichModel, string &in, float scaleFactor) ]
Size of script [ 3955 ] - [ conCommands.as ]
Number of functions in script [ 3 ]
FuncID for script function [ bool as_conCommandQuit() ] is [ -169639936 ]
FuncID for script function [ bool as_conCommandQuit() ] is [ -169639936 ]
FuncID for script function [ bool as_conCommandOpenGLVer() ] is [ -169638080 ]
Err: Failed to get function ID for [ bool ttf_initLibrary() ].
-----------------------------------------------------------------------
Vertex shader compiled ok - [ depthMap.vert ]
Fragment shader compiled ok - [ depthMap.frag ]
INFO: Shaders linked ok - [ depthMap.frag ]
Attribute location [ 0 ] : [ depthMap.frag ] - [ inPosition ]
--> Error getting attribute location [ depthMap.frag ] - [ inNormal ]
Attribute location [ 1 ] : [ depthMap.frag ] - [ inTextureCoords ]
--> Error getting attribute location [ depthMap.frag ] - [ inTextureCoords1 ]
Uniform location [ 1 ] : [ depthMap.frag ] - [ inTexture0 ]
--> Error getting uniform location [ depthMap.frag ] - [ inTexture1 ]
--> Error getting uniform location [ depthMap.frag ] - [ u_modelMat ]
-----------------------------------------------------------------------
Compiled shader [ depthMap.frag ] - [ depthMap.vert ] - ID [ 3 ]
-----------------------------------------------------------------------
Vertex shader compiled ok - [ ttfFont.vert ]
Fragment shader compiled ok - [ ttfFont.frag ]
INFO: Shaders linked ok - [ ttfFont.frag ]
Attribute location [ 0 ] : [ ttfFont.frag ] - [ inPosition ]
--> Error getting attribute location [ ttfFont.frag ] - [ inNormal ]
Attribute location [ 1 ] : [ ttfFont.frag ] - [ inTextureCoords ]
--> Error getting attribute location [ ttfFont.frag ] - [ inTextureCoords1 ]
Uniform location [ 2 ] : [ ttfFont.frag ] - [ inTexture0 ]
--> Error getting uniform location [ ttfFont.frag ] - [ inTexture1 ]
Uniform location [ 1 ] : [ ttfFont.frag ] - [ u_modelMat ]
Attribute location [ 2 ] : [ ttfFont.frag ] - [ fontColor ]
-----------------------------------------------------------------------
Compiled shader [ ttfFont.frag ] - [ ttfFont.vert ] - ID [ 6 ]
-----------------------------------------------------------------------
Vertex shader compiled ok - [ justColor.vert ]
Fragment shader compiled ok - [ justColor.frag ]
INFO: Shaders linked ok - [ justColor.frag ]
Attribute location [ 0 ] : [ justColor.frag ] - [ inPosition ]
--> Error getting attribute location [ justColor.frag ] - [ inNormal ]
--> Error getting attribute location [ justColor.frag ] - [ inTextureCoords ]
--> Error getting attribute location [ justColor.frag ] - [ inTextureCoords1 ]
--> Error getting uniform location [ justColor.frag ] - [ inTexture0 ]
--> Error getting uniform location [ justColor.frag ] - [ inTexture1 ]
Uniform location [ 1 ] : [ justColor.frag ] - [ u_modelMat ]
-----------------------------------------------------------------------
Compiled shader [ justColor.frag ] - [ justColor.vert ] - ID [ 9 ]
-----------------------------------------------------------------------
Vertex shader compiled ok - [ geometry_pass.vert ]
Fragment shader compiled ok - [ geometry_pass.frag ]
INFO: Shaders linked ok - [ geometry_pass.frag ]
Attribute location [ 0 ] : [ geometry_pass.frag ] - [ inPosition ]
Attribute location [ 1 ] : [ geometry_pass.frag ] - [ inNormal ]
Attribute location [ 2 ] : [ geometry_pass.frag ] - [ inTextureCoords ]
--> Error getting attribute location [ geometry_pass.frag ] - [ inTextureCoords1 ]
Uniform location [ 2 ] : [ geometry_pass.frag ] - [ inTexture0 ]
--> Error getting uniform location [ geometry_pass.frag ] - [ inTexture1 ]
Uniform location [ 1 ] : [ geometry_pass.frag ] - [ u_modelMat ]
-----------------------------------------------------------------------
Compiled shader [ geometry_pass.frag ] - [ geometry_pass.vert ] - ID [ 12 ]
-----------------------------------------------------------------------
Vertex shader compiled ok - [ lightPass.vert ]
Fragment shader compiled ok - [ lightPass.frag ]
INFO: Shaders linked ok - [ lightPass.frag ]
Attribute location [ 0 ] : [ lightPass.frag ] - [ inPosition ]
--> Error getting attribute location [ lightPass.frag ] - [ inNormal ]
Attribute location [ 1 ] : [ lightPass.frag ] - [ inTextureCoords ]
--> Error getting attribute location [ lightPass.frag ] - [ inTextureCoords1 ]
--> Error getting uniform location [ lightPass.frag ] - [ inTexture0 ]
--> Error getting uniform location [ lightPass.frag ] - [ inTexture1 ]
--> Error getting uniform location [ lightPass.frag ] - [ u_modelMat ]
-----------------------------------------------------------------------
Compiled shader [ lightPass.frag ] - [ lightPass.vert ] - ID [ 15 ]
-----------------------------------------------------------------------
Vertex shader compiled ok - [ pointLight.vert ]
Fragment shader compiled ok - [ pointLight.frag ]
INFO: Shaders linked ok - [ pointLight.frag ]
Attribute location [ 0 ] : [ pointLight.frag ] - [ inPosition ]
--> Error getting attribute location [ pointLight.frag ] - [ inNormal ]
--> Error getting attribute location [ pointLight.frag ] - [ inTextureCoords ]
--> Error getting attribute location [ pointLight.frag ] - [ inTextureCoords1 ]
--> Error getting uniform location [ pointLight.frag ] - [ inTexture0 ]
--> Error getting uniform location [ pointLight.frag ] - [ inTexture1 ]
--> Error getting uniform location [ pointLight.frag ] - [ u_modelMat ]
-----------------------------------------------------------------------
Compiled shader [ pointLight.frag ] - [ pointLight.vert ] - ID [ 18 ]
Memory allocated for textures.
ERROR: Filesystem can't open file [ wall.bmp ]
Loaded texture [ wall.jpg ] - ID [ 3 ]
ERROR: Filesystem can't open file [ triax_tracks.bmp ]
ERROR: Filesystem can't open file [ triax_tracks.jpg ]
ERROR: Filesystem can't open file [ triax_tracks.tga ]
Loaded texture [ triax_tracks.png ] - ID [ 4 ]
ERROR: Filesystem can't open file [ alltiles.bmp ]
ERROR: Filesystem can't open file [ alltiles.jpg ]
ERROR: Filesystem can't open file [ alltiles.tga ]
ERROR: Filesystem can't open file [ alltiles.png ]
Texture loading complete.
Loaded textures.
Mesh [ 0 ] : [ data/models/crate01.3ds ] numMeshes [ 1 ] numMaterials [ 1 ]
Bounding box size:
Min [ -50.000 -50.000 0.060 ]
Max [ 50.000 50.000 100.060 ]
Model [ 0 ] contains normals
Mesh [ 0 ] : Material Index [ 0 ] numFaces [ 12 ] numVertices [ 36 ]
Model [ 0 ] Material [ 0 ] : [ crate01 ]
Mesh [ 1 ] : [ data/models/triax_tracks.md2 ] numMeshes [ 1 ] numMaterials [ 1 ]
Bounding box size:
Min [ -54.787 -1.987 -81.838 ]
Max [ 55.854 81.517 81.428 ]
Model [ 1 ] contains normals
Mesh [ 0 ] : Material Index [ 0 ] numFaces [ 1630 ] numVertices [ 4890 ]
Model [ 1 ] Material [ 0 ] : [ triax_tracks ]
Mesh [ 2 ] : [ data/models/triax_wheels.md2 ] numMeshes [ 1 ] numMaterials [ 1 ]
Bounding box size:
Min [ -49.096 3.567 -81.838 ]
Max [ 48.976 81.517 81.428 ]
Model [ 2 ] contains normals
Mesh [ 0 ] : Material Index [ 0 ] numFaces [ 2270 ] numVertices [ 6810 ]
Model [ 2 ] Material [ 0 ] : [ triax_wheels ]
Mesh [ 3 ] : [ data/models/sphere2.obj ] numMeshes [ 1 ] numMaterials [ 2 ]
Bounding box size:
Min [ -0.000 -0.434 -0.130 ]
Max [ 2.000 1.566 1.870 ]
Model [ 3 ] contains normals
Mesh [ 0 ] : Material Index [ 1 ] numFaces [ 960 ] numVertices [ 1984 ]
Model [ 3 ] Material [ 0 ] : [ Material load error ]
Model [ 3 ] Material [ 1 ] : [ Material load error ]
Mesh [ 4 ] : [ data/models/cone.dae ] numMeshes [ 4 ] numMaterials [ 2 ]
Bounding box size:
Min [ 76.958 50.505 0.000 ]
Max [ 165.582 139.128 80.709 ]
Model [ 4 ] contains normals
Mesh [ 0 ] : Material Index [ 1 ] numFaces [ 48 ] numVertices [ 144 ]
Bounding box size:
Min [ 70.265 43.812 0.000 ]
Max [ 172.275 145.821 80.709 ]
Model [ 4 ] contains normals
Mesh [ 1 ] : Material Index [ 1 ] numFaces [ 24 ] numVertices [ 72 ]
Bounding box size:
Min [ 162.826 94.924 0.000 ]
Max [ 172.275 94.924 0.000 ]
Mesh [ 2 ] : Material Index [ 0 ] numFaces [ 2 ] numVertices [ 4 ]
Bounding box size:
Min [ 121.270 94.817 0.000 ]
Max [ 121.270 94.817 80.709 ]
Mesh [ 3 ] : Material Index [ 0 ] numFaces [ 2 ] numVertices [ 4 ]
Model [ 4 ] Material [ 0 ] : [ Material load error ]
Model [ 4 ] Material [ 1 ] : [ Material load error ]
ERROR: Filesystem can't open file [ crate01.bmp ]
ERROR: Filesystem can't open file [ crate01.jpg ]
ERROR: Filesystem can't open file [ crate01.tga ]
Loaded texture [ crate01.png ] - ID [ 5 ]
Model [ 0 ] : Texture ID [ 5 ]
ERROR: Filesystem can't open file [ triax_tracks.bmp ]
ERROR: Filesystem can't open file [ triax_tracks.jpg ]
ERROR: Filesystem can't open file [ triax_tracks.tga ]
Loaded texture [ triax_tracks.png ] - ID [ 6 ]
Model [ 1 ] : Texture ID [ 6 ]
Loaded texture [ triax_wheels.bmp ] - ID [ 7 ]
Model [ 2 ] : Texture ID [ 7 ]
ERROR: Filesystem can't open file [ Material load error.bmp ]
ERROR: Filesystem can't open file [ Material load error.jpg ]
ERROR: Filesystem can't open file [ Material load error.tga ]
ERROR: Filesystem can't open file [ Material load error.png ]
Model [ 3 ] : Texture ID [ -1 ]
ERROR: Filesystem can't open file [ Material load error.bmp ]
ERROR: Filesystem can't open file [ Material load error.jpg ]
ERROR: Filesystem can't open file [ Material load error.tga ]
ERROR: Filesystem can't open file [ Material load error.png ]
Model [ 3 ] : Texture ID [ -1 ]
ERROR: Filesystem can't open file [ Material load error.bmp ]
ERROR: Filesystem can't open file [ Material load error.jpg ]
ERROR: Filesystem can't open file [ Material load error.tga ]
ERROR: Filesystem can't open file [ Material load error.png ]
Model [ 4 ] : Texture ID [ -1 ]
ERROR: Filesystem can't open file [ Material load error.bmp ]
ERROR: Filesystem can't open file [ Material load error.jpg ]
ERROR: Filesystem can't open file [ Material load error.tga ]
ERROR: Filesystem can't open file [ Material load error.png ]
Model [ 4 ] : Texture ID [ -1 ]
Physics system started...
Forward rendering framebuffer created...
BSP [ IBSP. ] Version [ 46 ]
Texture [ 0 ] - [ textures/e1u1/ggrat4_2 ] flag [ 1 ]
Texture [ 1 ] - [ textures/NULL ] flag [ 1 ]
Texture [ 2 ] - [ textures/common/caulk ] flag [ 1 ]
Lightmap ID [ 15 ] created.
Info for loaded BSP file [ cube.bsp ]
numVerts [ 452 ] numFaces [ 76 ] numTextures [ 3 ] numLightmaps [ 1 ]
numMeshIndexes [ 522 ] nodes [ 95 ] leafs [ 99 ] leafFaces [ 394 ] planes [ 120 ]
leafBrushes [ 113 ] brushes [ 47 ] brushSides [ 283 ]
---------------------------------------------------------------
Found [ 14 ] entities.
Number of keys in Entities [ 14 ]
numEntityKeys = [ 218 ]
Got memory for token list.
Finished setting up keys into tokens
Looking for [ info_player_start ]
origin [ 144.00 ] [ 64.00 ] [ 8.00 ]
Door model [ *1 ]
Door [ 0 ] ptrModel [ 1 ]
Door model [ *2 ]
Door [ 1 ] ptrModel [ 2 ]
Door [ 0 ] numVerts [ 36 ]
Door [ 1 ] numVerts [ 36 ]
ID [ 41 ]
source [ Shader compiler ]
type [ Other ]
severity [ Notification ]
debug call [ FS SIMD8 shader: 18 inst, 0 loops, 310 cycles, 0:0 spills:fills, Promoted 0 constants, compacted 288 to 208 bytes. ]
ID [ 42 ]
source [ Shader compiler ]
type [ Other ]
severity [ Notification ]
debug call [ FS SIMD16 shader: 18 inst, 0 loops, 328 cycles, 0:0 spills:fills, Promoted 0 constants, compacted 288 to 208 bytes. ]
ID [ 43 ]
source [ Shader compiler ]
type [ Other ]
severity [ Notification ]
debug call [ FS SIMD8 shader: 5 inst, 0 loops, 22 cycles, 0:0 spills:fills, Promoted 0 constants, compacted 80 to 48 bytes. ]
ID [ 44 ]
source [ Shader compiler ]
type [ Other ]
severity [ Notification ]
debug call [ FS SIMD16 shader: 5 inst, 0 loops, 30 cycles, 0:0 spills:fills, Promoted 0 constants, compacted 80 to 48 bytes. ]
ID [ 45 ]
source [ Shader compiler ]
type [ Other ]
severity [ Notification ]
debug call [ FS SIMD8 shader: 18 inst, 0 loops, 310 cycles, 0:0 spills:fills, Promoted 0 constants, compacted 288 to 208 bytes. ]
ID [ 46 ]
source [ Shader compiler ]
type [ Other ]
severity [ Notification ]
debug call [ FS SIMD16 shader: 18 inst, 0 loops, 328 cycles, 0:0 spills:fills, Promoted 0 constants, compacted 288 to 208 bytes. ]
ID [ 47 ]
source [ Shader compiler ]
type [ Other ]
severity [ Notification ]
debug call [ FS SIMD8 shader: 18 inst, 0 loops, 310 cycles, 0:0 spills:fills, Promoted 0 constants, compacted 288 to 208 bytes. ]
ID [ 48 ]
source [ Shader compiler ]
type [ Other ]
severity [ Notification ]
debug call [ FS SIMD16 shader: 18 inst, 0 loops, 328 cycles, 0:0 spills:fills, Promoted 0 constants, compacted 288 to 208 bytes. ]
Log file closed:
Unknown	Unknown
-----------------------------------------------------------------------------


