PRT1
45
100
200
4 0 30 0 (0 320 8 ) (0 264 8 ) (0 264 128 ) (0 320 128 ) 
4 0 27 0 (0 440 8 ) (0 392 8 ) (0 392 128 ) (0 440 128 ) 
4 0 29 0 (0 392 8 ) (0 320 8 ) (0 320 128 ) (0 392 128 ) 
4 1 11 0 (352 0 8 ) (704 0 8 ) (704 0 184 ) (352 0 184 ) 
4 1 2 0 (352 88 104 ) (352 88 8 ) (352 0 8 ) (352 0 104 ) 
4 2 12 0 (344 0 8 ) (352 0 8 ) (352 0 104 ) (344 0 104 ) 
4 2 4 0 (344 88 104 ) (344 88 8 ) (344 0 8 ) (344 0 104 ) 
4 3 32 0 (0 184 128 ) (0 184 8 ) (0 128 8 ) (0 128 128 ) 
4 3 26 0 (0 128 184 ) (0 184 184 ) (0 184 128 ) (0 128 128 ) 
4 3 9 0 (24 128 104 ) (24 128 128 ) (4.742863 128 128 ) (4.742863 128 104 ) 
4 3 10 0 (0 128 8 ) (24 128 8 ) (24 128 104 ) (0 128 104 ) 
4 3 8 0 (24 128 8 ) (256 128 8 ) (256 128 128 ) (24 128 128 ) 
4 3 7 0 (256 128 128 ) (256 128 184 ) (0 128 184 ) (0 128 128 ) 
4 3 4 0 (280 128 8 ) (344 128 8 ) (344 128 184 ) (280 128 184 ) 
4 4 14 0 (344 0 104 ) (344 0 128 ) (280 0 128 ) (280 0 104 ) 
4 4 13 0 (344 0 128 ) (344 0 184 ) (280 0 184 ) (280 0 128 ) 
4 4 16 0 (280 0 8 ) (344 0 8 ) (344 0 104 ) (280 0 104 ) 
4 4 6 0 (280 104 8 ) (280 0 8 ) (280 0 104 ) (280 104 104 ) 
4 4 5 0 (280 0 128 ) (280 0 184 ) (280 104 184 ) (280 104 128 ) 
4 5 13 0 (280 0 128 ) (280 0 184 ) (256 0 184 ) (256 0 128 ) 
4 5 7 0 (256 0 128 ) (256 0 184 ) (256 104 184 ) (256 104 128 ) 
4 6 16 0 (256 0 8 ) (280 0 8 ) (280 0 104 ) (256 0 104 ) 
4 6 8 0 (256 104 8 ) (256 0 8 ) (256 0 104 ) (256 104 104 ) 
4 7 26 0 (0 0 128 ) (0 0 184 ) (0 128 184 ) (0 128 128 ) 
4 7 13 0 (0 0 184 ) (0 0 128 ) (256 0 128 ) (256 0 184 ) 
3 7 9 0 (4.742863 128 128 ) (24 128 128 ) (24 112.325584 128 ) 
4 7 8 0 (24 128 128 ) (256 128 128 ) (256 0 128 ) (24 0 128 ) 
4 8 15 0 (256 0 104 ) (256 0 128 ) (24 0 128 ) (24 0 104 ) 
4 8 16 0 (24 0 8 ) (256 0 8 ) (256 0 104 ) (24 0 104 ) 
4 8 9 0 (24 112.325584 128 ) (24 128 128 ) (24 128 104 ) (24 112.325584 104 ) 
4 8 10 0 (24 128 104 ) (24 128 8 ) (24 0 8 ) (24 0 104 ) 
3 9 10 0 (4.742863 128 104 ) (24 128 104 ) (24 112.325584 104 ) 
4 10 33 0 (0 104 104 ) (0 128 104 ) (0 128 8 ) (0 104 8 ) 
4 10 34 0 (0 0 8 ) (0 0 104 ) (0 104 104 ) (0 104 8 ) 
4 10 16 0 (0 0 104 ) (0 0 8 ) (24 0 8 ) (24 0 104 ) 
4 11 12 0 (352 0 8 ) (352 -48 8 ) (352 -48 104 ) (352 0 104 ) 
4 12 16 0 (344 0 8 ) (344 -48 8 ) (344 -48 104 ) (344 0 104 ) 
4 13 37 0 (0 -64 184 ) (0 0 184 ) (0 0 128 ) (0 -64 128 ) 
4 13 18 0 (256 -64 184 ) (0 -64 184 ) (0 -64 128 ) (256 -64 128 ) 
4 13 17 0 (344 -64 128 ) (344 -64 184 ) (280 -64 184 ) (280 -64 128 ) 
4 13 15 0 (256 -64 128 ) (24 -64 128 ) (24 0 128 ) (256 0 128 ) 
4 13 14 0 (344 -64 128 ) (280 -64 128 ) (280 0 128 ) (344 0 128 ) 
4 14 17 0 (344 -64 104 ) (344 -64 128 ) (280 -64 128 ) (280 -64 104 ) 
4 14 16 0 (344 -64 104 ) (280 -64 104 ) (280 0 104 ) (344 0 104 ) 
4 15 16 0 (256 -64 104 ) (24 -64 104 ) (24 0 104 ) (256 0 104 ) 
4 16 37 0 (0 0 104 ) (0 0 8 ) (0 -64 8 ) (0 -64 104 ) 
4 16 19 0 (0 -64 8 ) (256 -64 8 ) (256 -64 104 ) (0 -64 104 ) 
4 16 17 0 (280 -64 8 ) (344 -64 8 ) (344 -64 104 ) (280 -64 104 ) 
4 17 20 0 (280 -88 8 ) (344 -88 8 ) (344 -88 184 ) (280 -88 184 ) 
4 18 37 0 (0 -88 184 ) (0 -64 184 ) (0 -64 128 ) (0 -88 128 ) 
4 18 20 0 (256 -88 128 ) (256 -88 184 ) (0 -88 184 ) (0 -88 128 ) 
4 19 37 0 (0 -64 104 ) (0 -64 8 ) (0 -88 8 ) (0 -88 104 ) 
4 19 20 0 (0 -88 8 ) (256 -88 8 ) (256 -88 104 ) (0 -88 104 ) 
4 20 37 0 (0 -136 184 ) (0 -88 184 ) (0 -88 8 ) (0 -136 8 ) 
4 20 24 0 (80 -136 128 ) (0 -136 128 ) (0 -136 112 ) (80 -136 112 ) 
4 20 23 0 (176 -136 128 ) (96 -136 128 ) (96 -136 112 ) (176 -136 112 ) 
4 20 22 0 (344 -136 112 ) (344 -136 128 ) (192 -136 128 ) (192 -136 112 ) 
4 20 21 0 (344 -136 128 ) (344 -136 184 ) (0 -136 184 ) (0 -136 128 ) 
4 20 25 0 (0 -136 8 ) (344 -136 8 ) (344 -136 112 ) (0 -136 112 ) 
4 21 38 0 (0 -152 184 ) (0 -136 184 ) (0 -136 128 ) (0 -152 128 ) 
4 21 24 0 (80 -152 128 ) (0 -152 128 ) (0 -136 128 ) (80 -136 128 ) 
4 21 23 0 (176 -152 128 ) (96 -152 128 ) (96 -136 128 ) (176 -136 128 ) 
4 21 22 0 (344 -152 128 ) (192 -152 128 ) (192 -136 128 ) (344 -136 128 ) 
4 22 25 0 (344 -152 112 ) (192 -152 112 ) (192 -136 112 ) (344 -136 112 ) 
4 23 25 0 (176 -152 112 ) (96 -152 112 ) (96 -136 112 ) (176 -136 112 ) 
4 24 25 0 (80 -152 112 ) (0 -152 112 ) (0 -136 112 ) (80 -136 112 ) 
4 25 40 0 (0 -136 112 ) (0 -136 8 ) (0 -152 8 ) (0 -152 112 ) 
4 26 44 0 (-312 0 128 ) (-192 0 128 ) (-192 0 184 ) (-312 0 184 ) 
4 26 41 0 (-192 0 128 ) (-128 0 128 ) (-128 0 184 ) (-192 0 184 ) 
4 26 37 0 (-128 0 128 ) (0 0 128 ) (0 0 184 ) (-128 0 184 ) 
4 26 36 0 (-192 0 128 ) (-312 0 128 ) (-312 128 128 ) (-192 128 128 ) 
4 26 34 0 (0 0 128 ) (-128 0 128 ) (-128 104 128 ) (0 104 128 ) 
4 26 32 0 (-312 128 128 ) (-312 184 128 ) (0 184 128 ) (0 128 128 ) 
4 27 29 0 (-112 392 8 ) (0 392 8 ) (0 392 128 ) (-112 392 128 ) 
4 28 29 0 (-312 392 128 ) (-312 392 8 ) (-200 392 8 ) (-200 392 128 ) 
4 29 31 0 (-312 320 128 ) (-312 320 8 ) (-200 320 8 ) (-200 320 128 ) 
4 29 30 0 (-112 320 8 ) (0 320 8 ) (0 320 128 ) (-112 320 128 ) 
4 31 32 0 (-312 184 128 ) (-312 184 8 ) (-200 184 8 ) (-200 184 128 ) 
4 32 36 0 (-312 128 128 ) (-312 128 8 ) (-192 128 8 ) (-192 128 128 ) 
4 32 33 0 (-128 128 8 ) (0 128 8 ) (0 128 104 ) (-128 128 104 ) 
4 33 34 0 (-128 104 104 ) (-128 104 8 ) (0 104 8 ) (0 104 104 ) 
4 34 37 0 (-128 0 8 ) (0 0 8 ) (0 0 128 ) (-128 0 128 ) 
4 34 35 0 (-128 0 48 ) (-128 0 104 ) (-128 96 104 ) (-128 96 48 ) 
4 35 42 0 (-128 0 48 ) (-128 0 104 ) (-192 0 104 ) (-192 0 48 ) 
4 35 36 0 (-192 96 48 ) (-192 0 48 ) (-192 0 104 ) (-192 96 104 ) 
4 36 44 0 (-312 0 8 ) (-192 0 8 ) (-192 0 128 ) (-312 0 128 ) 
4 37 43 0 (-128 -96 8 ) (-128 -136 8 ) (-128 -136 184 ) (-128 -96 184 ) 
4 37 42 0 (-128 0 104 ) (-128 0 48 ) (-128 -64 48 ) (-128 -64 104 ) 
4 37 41 0 (-128 0 184 ) (-128 0 128 ) (-128 -96 128 ) (-128 -96 184 ) 
4 37 39 0 (-112 -136 112 ) (-16 -136 112 ) (-16 -136 128 ) (-112 -136 128 ) 
4 37 38 0 (0 -136 184 ) (-128 -136 184 ) (-128 -136 128 ) (0 -136 128 ) 
4 37 40 0 (-128 -136 112 ) (-128 -136 8 ) (0 -136 8 ) (0 -136 112 ) 
4 38 43 0 (-128 -152 128 ) (-128 -152 184 ) (-128 -136 184 ) (-128 -136 128 ) 
4 38 39 0 (-16 -152 128 ) (-112 -152 128 ) (-112 -136 128 ) (-16 -136 128 ) 
4 39 40 0 (-16 -152 112 ) (-112 -152 112 ) (-112 -136 112 ) (-16 -136 112 ) 
4 40 43 0 (-128 -136 8 ) (-128 -152 8 ) (-128 -152 112 ) (-128 -136 112 ) 
4 41 44 0 (-192 -96 128 ) (-192 -96 184 ) (-192 0 184 ) (-192 0 128 ) 
4 41 43 0 (-192 -96 184 ) (-192 -96 128 ) (-128 -96 128 ) (-128 -96 184 ) 
4 42 44 0 (-192 -64 104 ) (-192 0 104 ) (-192 0 48 ) (-192 -64 48 ) 
4 43 44 0 (-192 -96 8 ) (-192 -152 8 ) (-192 -152 184 ) (-192 -96 184 ) 
4 0 (0 264 8 ) (184 264 8 ) (184 264 128 ) (0 264 128 ) 
4 0 (184 264 128 ) (184 440 128 ) (0 440 128 ) (0 264 128 ) 
4 0 (0 264 8 ) (0 440 8 ) (184 440 8 ) (184 264 8 ) 
4 0 (0 440 128 ) (184 440 128 ) (184 440 8 ) (0 440 8 ) 
4 0 (184 264 128 ) (184 264 8 ) (184 440 8 ) (184 440 128 ) 
4 1 (352 0 184 ) (352 88 184 ) (352 88 104 ) (352 0 104 ) 
4 1 (352 88 184 ) (352 184 184 ) (352 184 8 ) (352 88 8 ) 
4 1 (704 184 184 ) (352 184 184 ) (352 0 184 ) (704 0 184 ) 
4 1 (352 184 128 ) (704 184 128 ) (704 184 8 ) (352 184 8 ) 
4 1 (352 184 184 ) (704 184 184 ) (704 184 128 ) (352 184 128 ) 
4 1 (704 0 8 ) (352 0 8 ) (352 184 8 ) (704 184 8 ) 
4 1 (704 0 8 ) (704 184 8 ) (704 184 184 ) (704 0 184 ) 
4 2 (352 88 104 ) (352 88 8 ) (344 88 8 ) (344 88 104 ) 
4 2 (352 0 8 ) (344 0 8 ) (344 88 8 ) (352 88 8 ) 
4 2 (352 0 104 ) (352 88 104 ) (344 88 104 ) (344 0 104 ) 
4 3 (4.742863 128 128 ) (0 128 128 ) (0 128 104 ) (4.742863 128 104 ) 
4 3 (256 128 8 ) (280 128 8 ) (280 128 184 ) (256 128 184 ) 
4 3 (0 128 8 ) (0 184 8 ) (344 184 8 ) (344 128 8 ) 
4 3 (344 184 184 ) (344 184 128 ) (0 184 128 ) (0 184 184 ) 
4 3 (344 184 128 ) (344 184 8 ) (0 184 8 ) (0 184 128 ) 
4 3 (344 128 184 ) (344 184 184 ) (0 184 184 ) (0 128 184 ) 
4 3 (344 128 8 ) (344 184 8 ) (344 184 184 ) (344 128 184 ) 
4 4 (280 0 104 ) (280 0 128 ) (280 104 128 ) (280 104 104 ) 
4 4 (280 128 184 ) (280 128 8 ) (280 104 8 ) (280 104 184 ) 
4 4 (344 0 8 ) (280 0 8 ) (280 128 8 ) (344 128 8 ) 
4 4 (344 128 184 ) (280 128 184 ) (280 0 184 ) (344 0 184 ) 
4 4 (344 88 8 ) (344 128 8 ) (344 128 184 ) (344 88 184 ) 
4 4 (344 0 104 ) (344 88 104 ) (344 88 184 ) (344 0 184 ) 
4 5 (256 0 128 ) (256 104 128 ) (280 104 128 ) (280 0 128 ) 
4 5 (280 104 184 ) (280 104 128 ) (256 104 128 ) (256 104 184 ) 
4 5 (280 104 184 ) (256 104 184 ) (256 0 184 ) (280 0 184 ) 
4 6 (280 0 8 ) (256 0 8 ) (256 104 8 ) (280 104 8 ) 
4 6 (280 104 104 ) (280 104 8 ) (256 104 8 ) (256 104 104 ) 
4 6 (280 0 104 ) (280 104 104 ) (256 104 104 ) (256 0 104 ) 
5 7 (0 128 128 ) (4.742863 128 128 ) (24 112.325584 128 ) (24 0 128 ) (0 0 128 ) 
4 7 (256 128 184 ) (0 128 184 ) (0 0 184 ) (256 0 184 ) 
4 7 (256 104 184 ) (256 104 128 ) (256 128 128 ) (256 128 184 ) 
4 8 (24 0 128 ) (24 112.325584 128 ) (24 112.325584 104 ) (24 0 104 ) 
4 8 (256 104 104 ) (256 104 128 ) (256 0 128 ) (256 0 104 ) 
4 8 (256 104 128 ) (256 104 8 ) (256 128 8 ) (256 128 128 ) 
4 8 (256 0 8 ) (24 0 8 ) (24 128 8 ) (256 128 8 ) 
4 9 (4.734375 128 104 ) (24 112.320312 104 ) (24 112.320312 128 ) (4.736385 128 128 ) 
5 10 (0 0 104 ) (24 0 104 ) (24 112.325584 104 ) (4.742863 128 104 ) (0 128 104 ) 
4 10 (24 0 8 ) (0 0 8 ) (0 128 8 ) (24 128 8 ) 
4 11 (352 -48 8 ) (352 -152 8 ) (352 -152 104 ) (352 -48 104 ) 
4 11 (352 -152 104 ) (352 -152 184 ) (352 0 184 ) (352 0 104 ) 
4 11 (352 -152 8 ) (704 -152 8 ) (704 -152 184 ) (352 -152 184 ) 
4 11 (352 -152 184 ) (704 -152 184 ) (704 0 184 ) (352 0 184 ) 
4 11 (352 0 8 ) (704 0 8 ) (704 -152 8 ) (352 -152 8 ) 
4 11 (704 -152 184 ) (704 -152 8 ) (704 0 8 ) (704 0 184 ) 
4 12 (344 0 104 ) (344 -48 104 ) (352 -48 104 ) (352 0 104 ) 
4 12 (344 -48 8 ) (344 0 8 ) (352 0 8 ) (352 -48 8 ) 
4 12 (352 -48 8 ) (352 -48 104 ) (344 -48 104 ) (344 -48 8 ) 
4 13 (280 -64 184 ) (256 -64 184 ) (256 -64 128 ) (280 -64 128 ) 
4 13 (280 -64 128 ) (256 -64 128 ) (256 0 128 ) (280 0 128 ) 
4 13 (24 -64 128 ) (0 -64 128 ) (0 0 128 ) (24 0 128 ) 
4 13 (344 -64 184 ) (344 0 184 ) (0 0 184 ) (0 -64 184 ) 
4 13 (344 -64 128 ) (344 0 128 ) (344 0 184 ) (344 -64 184 ) 
4 14 (280 0 104 ) (280 -64 104 ) (280 -64 128 ) (280 0 128 ) 
4 14 (344 -64 128 ) (344 -64 104 ) (344 0 104 ) (344 0 128 ) 
4 15 (256 -64 128 ) (24 -64 128 ) (24 -64 104 ) (256 -64 104 ) 
4 15 (24 0 104 ) (24 -64 104 ) (24 -64 128 ) (24 0 128 ) 
4 15 (256 0 128 ) (256 -64 128 ) (256 -64 104 ) (256 0 104 ) 
4 16 (256 -64 8 ) (280 -64 8 ) (280 -64 104 ) (256 -64 104 ) 
4 16 (280 0 104 ) (256 0 104 ) (256 -64 104 ) (280 -64 104 ) 
4 16 (24 0 104 ) (0 0 104 ) (0 -64 104 ) (24 -64 104 ) 
4 16 (344 -48 104 ) (344 -64 104 ) (344 -64 8 ) (344 -48 8 ) 
4 16 (0 -64 8 ) (0 0 8 ) (344 0 8 ) (344 -64 8 ) 
4 17 (280 -64 8 ) (344 -64 8 ) (344 -88 8 ) (280 -88 8 ) 
4 17 (280 -88 184 ) (344 -88 184 ) (344 -64 184 ) (280 -64 184 ) 
4 17 (344 -88 104 ) (344 -64 104 ) (344 -64 184 ) (344 -88 184 ) 
4 17 (344 -64 104 ) (344 -88 104 ) (344 -88 8 ) (344 -64 8 ) 
4 17 (280 -64 184 ) (280 -64 8 ) (280 -88 8 ) (280 -88 184 ) 
4 18 (0 -64 128 ) (256 -64 128 ) (256 -88 128 ) (0 -88 128 ) 
4 18 (256 -88 184 ) (256 -64 184 ) (0 -64 184 ) (0 -88 184 ) 
4 18 (256 -88 184 ) (256 -88 128 ) (256 -64 128 ) (256 -64 184 ) 
4 19 (256 -88 104 ) (256 -88 8 ) (256 -64 8 ) (256 -64 104 ) 
4 19 (0 -88 8 ) (0 -64 8 ) (256 -64 8 ) (256 -88 8 ) 
4 19 (0 -88 104 ) (256 -88 104 ) (256 -64 104 ) (0 -64 104 ) 
4 20 (96 -136 128 ) (80 -136 128 ) (80 -136 112 ) (96 -136 112 ) 
4 20 (192 -136 128 ) (176 -136 128 ) (176 -136 112 ) (192 -136 112 ) 
4 20 (0 -88 104 ) (0 -88 128 ) (256 -88 128 ) (256 -88 104 ) 
4 20 (256 -88 184 ) (280 -88 184 ) (280 -88 8 ) (256 -88 8 ) 
4 20 (0 -136 8 ) (0 -88 8 ) (344 -88 8 ) (344 -136 8 ) 
4 20 (344 -136 184 ) (344 -88 184 ) (0 -88 184 ) (0 -136 184 ) 
4 20 (344 -136 104 ) (344 -88 104 ) (344 -88 184 ) (344 -136 184 ) 
4 20 (344 -88 104 ) (344 -136 104 ) (344 -136 8 ) (344 -88 8 ) 
4 21 (96 -152 128 ) (80 -152 128 ) (80 -136 128 ) (96 -136 128 ) 
4 21 (192 -152 128 ) (176 -152 128 ) (176 -136 128 ) (192 -136 128 ) 
4 21 (344 -152 184 ) (344 -136 184 ) (0 -136 184 ) (0 -152 184 ) 
4 21 (344 -136 128 ) (344 -136 184 ) (344 -152 184 ) (344 -152 128 ) 
4 21 (344 -152 128 ) (344 -152 184 ) (0 -152 184 ) (0 -152 128 ) 
4 22 (344 -136 112 ) (344 -136 128 ) (344 -152 128 ) (344 -152 112 ) 
4 22 (344 -152 112 ) (344 -152 128 ) (192 -152 128 ) (192 -152 112 ) 
4 22 (192 -136 112 ) (192 -152 112 ) (192 -152 128 ) (192 -136 128 ) 
4 23 (96 -136 112 ) (96 -152 112 ) (96 -152 128 ) (96 -136 128 ) 
4 23 (176 -152 128 ) (96 -152 128 ) (96 -152 112 ) (176 -152 112 ) 
4 23 (176 -136 128 ) (176 -152 128 ) (176 -152 112 ) (176 -136 112 ) 
4 24 (0 -136 128 ) (0 -136 112 ) (0 -152 112 ) (0 -152 128 ) 
4 24 (80 -152 128 ) (0 -152 128 ) (0 -152 112 ) (80 -152 112 ) 
4 24 (80 -136 128 ) (80 -152 128 ) (80 -152 112 ) (80 -136 112 ) 
4 25 (96 -136 112 ) (80 -136 112 ) (80 -152 112 ) (96 -152 112 ) 
4 25 (192 -136 112 ) (176 -136 112 ) (176 -152 112 ) (192 -152 112 ) 
4 25 (0 -152 8 ) (344 -152 8 ) (344 -152 112 ) (0 -152 112 ) 
4 25 (344 -136 104 ) (344 -152 104 ) (344 -152 8 ) (344 -136 8 ) 
4 25 (344 -136 104 ) (344 -136 112 ) (344 -152 112 ) (344 -152 104 ) 
4 25 (0 -152 8 ) (0 -136 8 ) (344 -136 8 ) (344 -152 8 ) 
4 26 (-128 0 128 ) (-192 0 128 ) (-192 96 128 ) (-128 96 128 ) 
4 26 (-192 96 128 ) (-192 128 128 ) (-128 128 128 ) (-128 96 128 ) 
4 26 (-128 104 128 ) (-128 128 128 ) (0 128 128 ) (0 104 128 ) 
4 26 (-312 184 184 ) (0 184 184 ) (0 184 128 ) (-312 184 128 ) 
4 26 (0 184 184 ) (-312 184 184 ) (-312 0 184 ) (0 0 184 ) 
4 26 (-312 184 184 ) (-312 184 128 ) (-312 0 128 ) (-312 0 184 ) 
4 27 (-112 440 128 ) (0 440 128 ) (0 440 8 ) (-112 440 8 ) 
4 27 (-112 440 128 ) (-112 392 128 ) (0 392 128 ) (0 440 128 ) 
4 27 (0 440 8 ) (0 392 8 ) (-112 392 8 ) (-112 440 8 ) 
4 27 (-112 440 128 ) (-112 440 8 ) (-112 392 8 ) (-112 392 128 ) 
4 28 (-200 440 128 ) (-200 392 128 ) (-200 392 8 ) (-200 440 8 ) 
4 28 (-200 440 128 ) (-200 440 8 ) (-200 672 8 ) (-200 672 128 ) 
4 28 (-200 672 128 ) (-200 672 8 ) (-312 672 8 ) (-312 672 128 ) 
4 28 (-312 672 8 ) (-312 392 8 ) (-312 392 128 ) (-312 672 128 ) 
4 28 (-200 672 128 ) (-312 672 128 ) (-312 392 128 ) (-200 392 128 ) 
4 28 (-312 392 8 ) (-312 672 8 ) (-200 672 8 ) (-200 392 8 ) 
4 29 (-200 320 8 ) (-112 320 8 ) (-112 320 128 ) (-200 320 128 ) 
4 29 (-200 392 128 ) (-112 392 128 ) (-112 392 8 ) (-200 392 8 ) 
4 29 (-312 392 8 ) (-312 320 8 ) (-312 320 128 ) (-312 392 128 ) 
4 29 (-312 392 128 ) (-312 320 128 ) (0 320 128 ) (0 392 128 ) 
4 29 (-312 320 8 ) (-312 392 8 ) (0 392 8 ) (0 320 8 ) 
4 30 (-112 320 128 ) (-112 320 8 ) (-112 264 8 ) (-112 264 128 ) 
4 30 (-112 320 128 ) (-112 264 128 ) (0 264 128 ) (0 320 128 ) 
4 30 (-112 320 8 ) (0 320 8 ) (0 264 8 ) (-112 264 8 ) 
4 30 (-112 264 128 ) (-112 264 8 ) (0 264 8 ) (0 264 128 ) 
4 31 (-312 320 8 ) (-312 184 8 ) (-312 184 128 ) (-312 320 128 ) 
4 31 (-200 320 128 ) (-312 320 128 ) (-312 184 128 ) (-200 184 128 ) 
4 31 (-312 184 8 ) (-312 320 8 ) (-200 320 8 ) (-200 184 8 ) 
4 31 (-200 184 128 ) (-200 184 8 ) (-200 320 8 ) (-200 320 128 ) 
4 32 (-128 128 48 ) (-128 128 128 ) (-192 128 128 ) (-192 128 48 ) 
4 32 (-192 128 8 ) (-128 128 8 ) (-128 128 48 ) (-192 128 48 ) 
4 32 (0 128 104 ) (0 128 128 ) (-128 128 128 ) (-128 128 104 ) 
4 32 (-200 184 128 ) (-112 184 128 ) (-112 184 8 ) (-200 184 8 ) 
4 32 (-112 184 128 ) (0 184 128 ) (0 184 8 ) (-112 184 8 ) 
4 32 (-312 184 8 ) (-312 128 8 ) (-312 128 128 ) (-312 184 128 ) 
4 32 (-312 128 8 ) (-312 184 8 ) (0 184 8 ) (0 128 8 ) 
4 33 (-128 128 104 ) (-128 128 48 ) (-128 104 48 ) (-128 104 104 ) 
4 33 (-128 128 48 ) (-128 128 8 ) (-128 104 8 ) (-128 104 48 ) 
4 33 (-128 104 8 ) (-128 128 8 ) (0 128 8 ) (0 104 8 ) 
4 33 (0 128 104 ) (-128 128 104 ) (-128 104 104 ) (0 104 104 ) 
4 34 (-128 0 104 ) (-128 0 128 ) (-128 96 128 ) (-128 96 104 ) 
4 34 (-128 96 128 ) (-128 104 128 ) (-128 104 48 ) (-128 96 48 ) 
4 34 (-128 104 8 ) (-128 0 8 ) (-128 0 48 ) (-128 104 48 ) 
4 34 (0 104 128 ) (0 104 104 ) (-128 104 104 ) (-128 104 128 ) 
4 34 (0 0 8 ) (-128 0 8 ) (-128 104 8 ) (0 104 8 ) 
4 34 (0 104 104 ) (0 104 128 ) (0 0 128 ) (0 0 104 ) 
4 35 (-128 96 104 ) (-128 96 48 ) (-192 96 48 ) (-192 96 104 ) 
4 35 (-192 0 48 ) (-192 96 48 ) (-128 96 48 ) (-128 0 48 ) 
4 35 (-128 0 104 ) (-128 96 104 ) (-192 96 104 ) (-192 0 104 ) 
4 36 (-192 96 104 ) (-192 96 128 ) (-192 0 128 ) (-192 0 104 ) 
4 36 (-192 96 128 ) (-192 96 48 ) (-192 128 48 ) (-192 128 128 ) 
4 36 (-192 0 48 ) (-192 0 8 ) (-192 128 8 ) (-192 128 48 ) 
4 36 (-312 128 8 ) (-312 0 8 ) (-312 0 128 ) (-312 128 128 ) 
4 36 (-192 0 8 ) (-312 0 8 ) (-312 128 8 ) (-192 128 8 ) 
4 37 (-128 -64 48 ) (-128 -96 48 ) (-128 -96 104 ) (-128 -64 104 ) 
4 37 (-128 0 48 ) (-128 0 8 ) (-128 -96 8 ) (-128 -96 48 ) 
4 37 (-128 0 128 ) (-128 0 104 ) (-128 -96 104 ) (-128 -96 128 ) 
4 37 (-128 -136 128 ) (-128 -136 112 ) (-112 -136 112 ) (-112 -136 128 ) 
4 37 (-16 -136 112 ) (0 -136 112 ) (0 -136 128 ) (-16 -136 128 ) 
4 37 (0 -136 184 ) (0 0 184 ) (-128 0 184 ) (-128 -136 184 ) 
4 37 (-128 0 8 ) (0 0 8 ) (0 -136 8 ) (-128 -136 8 ) 
4 37 (0 -64 128 ) (0 -64 104 ) (0 0 104 ) (0 0 128 ) 
4 37 (0 -88 128 ) (0 -88 104 ) (0 -64 104 ) (0 -64 128 ) 
4 38 (-112 -152 128 ) (-128 -152 128 ) (-128 -136 128 ) (-112 -136 128 ) 
4 38 (0 -152 128 ) (-16 -152 128 ) (-16 -136 128 ) (0 -136 128 ) 
4 38 (0 -152 184 ) (0 -136 184 ) (-128 -136 184 ) (-128 -152 184 ) 
4 38 (0 -152 184 ) (-128 -152 184 ) (-128 -152 128 ) (0 -152 128 ) 
4 39 (-16 -136 128 ) (-16 -152 128 ) (-16 -152 112 ) (-16 -136 112 ) 
4 39 (-112 -152 112 ) (-16 -152 112 ) (-16 -152 128 ) (-112 -152 128 ) 
4 39 (-112 -136 112 ) (-112 -152 112 ) (-112 -152 128 ) (-112 -136 128 ) 
4 40 (-112 -136 112 ) (-128 -136 112 ) (-128 -152 112 ) (-112 -152 112 ) 
4 40 (0 -136 112 ) (-16 -136 112 ) (-16 -152 112 ) (0 -152 112 ) 
4 40 (-128 -152 112 ) (-128 -152 8 ) (0 -152 8 ) (0 -152 112 ) 
4 40 (0 -136 8 ) (0 -152 8 ) (-128 -152 8 ) (-128 -136 8 ) 
4 41 (-192 -96 184 ) (-128 -96 184 ) (-128 0 184 ) (-192 0 184 ) 
4 41 (-128 -96 128 ) (-192 -96 128 ) (-192 0 128 ) (-128 0 128 ) 
4 42 (-192 -64 48 ) (-192 0 48 ) (-128 0 48 ) (-128 -64 48 ) 
4 42 (-128 -64 104 ) (-128 0 104 ) (-192 0 104 ) (-192 -64 104 ) 
4 42 (-192 -64 48 ) (-128 -64 48 ) (-128 -64 104 ) (-192 -64 104 ) 
4 43 (-192 -96 184 ) (-192 -152 184 ) (-128 -152 184 ) (-128 -96 184 ) 
4 43 (-128 -136 112 ) (-128 -136 128 ) (-128 -152 128 ) (-128 -152 112 ) 
4 43 (-128 -96 8 ) (-128 -152 8 ) (-192 -152 8 ) (-192 -96 8 ) 
4 43 (-128 -96 128 ) (-128 -96 104 ) (-192 -96 104 ) (-192 -96 128 ) 
4 43 (-128 -96 48 ) (-128 -96 8 ) (-192 -96 8 ) (-192 -96 48 ) 
4 43 (-128 -96 104 ) (-128 -96 48 ) (-192 -96 48 ) (-192 -96 104 ) 
4 43 (-192 -152 184 ) (-192 -152 8 ) (-128 -152 8 ) (-128 -152 184 ) 
4 44 (-312 -152 8 ) (-192 -152 8 ) (-192 -152 184 ) (-312 -152 184 ) 
4 44 (-192 -64 48 ) (-192 -64 104 ) (-192 -96 104 ) (-192 -96 48 ) 
4 44 (-192 0 48 ) (-192 -96 48 ) (-192 -96 8 ) (-192 0 8 ) 
4 44 (-192 0 104 ) (-192 0 128 ) (-192 -96 128 ) (-192 -96 104 ) 
4 44 (-312 -152 184 ) (-192 -152 184 ) (-192 0 184 ) (-312 0 184 ) 
4 44 (-312 0 8 ) (-192 0 8 ) (-192 -152 8 ) (-312 -152 8 ) 
4 44 (-312 0 8 ) (-312 -152 8 ) (-312 -152 184 ) (-312 0 184 ) 
